<?xml version="1.0" encoding="UTF-8"?>
<!-- Generated by org.testng.reporters.JUnitReportReporter -->
<testsuite hostname="DESKTOP-U4BG2GH" failures="0" tests="3" name="testNG.TestNG$TestNgClass1" time="0.019" errors="0" timestamp="2024-06-15T21:42:21 IST" skipped="0">
  <testcase classname="testNG.TestNG$TestNgClass1" name="testcase1" time="0.013"/>
  <system-out/>
  <testcase classname="testNG.TestNG$TestNgClass1" name="testcase3" time="0.003"/>
  <system-out/>
  <testcase classname="testNG.TestNG$TestNgClass1" name="testcase2" time="0.003"/>
  <system-out/>
</testsuite> <!-- testNG.TestNG$TestNgClass1 -->
