<?xml version="1.0" encoding="UTF-8"?>
<!-- Generated by org.testng.reporters.JUnitReportReporter -->
<testsuite hostname="DESKTOP-U4BG2GH" failures="0" tests="2" name="testNG.TestNg4" time="0.009" errors="0" timestamp="2024-07-08T20:35:46 IST" skipped="1">
  <testcase classname="testNG.TestNg4" name="a" time="0.009"/>
  <system-out/>
  <testcase classname="testNG.TestNg4" name="b">
    <skipped/>
  </testcase> <!-- b -->
  <system-out/>
</testsuite> <!-- testNG.TestNg4 -->
