<?xml version="1.0" encoding="UTF-8"?>
<!-- Generated by org.testng.reporters.JUnitReportReporter -->
<testsuite hostname="DESKTOP-U4BG2GH" failures="0" tests="1" name="testNG.Assertion3" time="0.023" errors="0" timestamp="2024-06-23T21:11:08 IST" skipped="0">
  <testcase classname="testNG.Assertion3" name="testcase3" time="0.023"/>
  <system-out/>
</testsuite> <!-- testNG.Assertion3 -->
