<?xml version="1.0" encoding="UTF-8"?>
<!-- Generated by org.testng.reporters.JUnitReportReporter -->
<testsuite hostname="DESKTOP-U4BG2GH" failures="0" tests="11" name="testNG.InnovacationCount" time="0.079" errors="0" timestamp="2024-04-28T11:05:24 IST" skipped="1">
  <testcase classname="testNG.InnovacationCount" name="google" time="0.019"/>
  <system-out/>
  <testcase classname="testNG.InnovacationCount" name="Gamil" time="0.008"/>
  <system-out/>
  <testcase classname="testNG.InnovacationCount" name="Gamil" time="0.005"/>
  <system-out/>
  <testcase classname="testNG.InnovacationCount" name="Gamil" time="0.006"/>
  <system-out/>
  <testcase classname="testNG.InnovacationCount" name="Gamil" time="0.003"/>
  <system-out/>
  <testcase classname="testNG.InnovacationCount" name="Dmart" time="0.013"/>
  <system-out/>
  <testcase classname="testNG.InnovacationCount" name="Gamil" time="0.002"/>
  <system-out/>
  <testcase classname="testNG.InnovacationCount" name="Snapdeal" time="0.015"/>
  <system-out/>
  <testcase classname="testNG.InnovacationCount" name="Flipkart" time="0.006"/>
  <system-out/>
  <testcase classname="testNG.InnovacationCount" name="Amazon" time="0.002"/>
  <system-out/>
  <testcase classname="testNG.InnovacationCount" name="TRends">
    <skipped/>
  </testcase> <!-- TRends -->
  <system-out/>
</testsuite> <!-- testNG.InnovacationCount -->
