<?xml version="1.0" encoding="UTF-8"?>
<!-- Generated by org.testng.reporters.JUnitReportReporter -->
<testsuite hostname="DESKTOP-U4BG2GH" failures="0" tests="4" name="testNG.TestNg2" time="0.016" errors="0" timestamp="2024-07-08T20:35:46 IST" skipped="0">
  <testcase classname="testNG.TestNg2" name="a1" time="0.005"/>
  <system-out/>
  <testcase classname="testNG.TestNg2" name="b" time="0.007"/>
  <system-out/>
  <testcase classname="testNG.TestNg2" name="a" time="0.001"/>
  <system-out/>
  <testcase classname="testNG.TestNg2" name="c" time="0.003"/>
  <system-out/>
</testsuite> <!-- testNG.TestNg2 -->
