<?xml version="1.0" encoding="UTF-8"?>
<!-- Generated by org.testng.reporters.JUnitReportReporter -->
<testsuite hostname="DESKTOP-U4BG2GH" failures="0" tests="7" name="testNG.TestNgPriority" time="0.027" errors="0" timestamp="2024-04-28T10:58:40 IST" skipped="1">
  <testcase classname="testNG.TestNgPriority" name="Snapdeal" time="0.003"/>
  <system-out/>
  <testcase classname="testNG.TestNgPriority" name="google" time="0.004"/>
  <system-out/>
  <testcase classname="testNG.TestNgPriority" name="Dmart" time="0.012"/>
  <system-out/>
  <testcase classname="testNG.TestNgPriority" name="Gamil" time="0.003"/>
  <system-out/>
  <testcase classname="testNG.TestNgPriority" name="Flipkart" time="0.002"/>
  <system-out/>
  <testcase classname="testNG.TestNgPriority" name="Amazon" time="0.003"/>
  <system-out/>
  <testcase classname="testNG.TestNgPriority" name="TRends">
    <skipped/>
  </testcase> <!-- TRends -->
  <system-out/>
</testsuite> <!-- testNG.TestNgPriority -->
