<?xml version="1.0" encoding="UTF-8"?>
<!-- Generated by org.testng.reporters.JUnitReportReporter -->
<testsuite hostname="DESKTOP-U4BG2GH" failures="0" tests="2" name="testNG.TestNgclass1" time="0.019" errors="0" timestamp="2024-07-08T20:35:46 IST" skipped="0">
  <testcase classname="testNG.TestNgclass1" name="h" time="0.007"/>
  <system-out/>
  <testcase classname="testNG.TestNgclass1" name="a" time="0.012"/>
  <system-out/>
</testsuite> <!-- testNG.TestNgclass1 -->
