<?xml version="1.0" encoding="UTF-8"?>
<!-- Generated by org.testng.reporters.JUnitReportReporter -->
<testsuite hostname="DESKTOP-U4BG2GH" failures="0" tests="4" name="testNG.TestNG3" time="0.021" errors="0" timestamp="2024-07-08T20:35:46 IST" skipped="0">
  <testcase classname="testNG.TestNG3" name="b" time="0.015"/>
  <system-out/>
  <testcase classname="testNG.TestNG3" name="a" time="0.002"/>
  <system-out/>
  <testcase classname="testNG.TestNG3" name="a1" time="0.002"/>
  <system-out/>
  <testcase classname="testNG.TestNG3" name="c" time="0.002"/>
  <system-out/>
</testsuite> <!-- testNG.TestNG3 -->
