<?xml version="1.0" encoding="UTF-8"?>
<!-- Generated by org.testng.reporters.JUnitReportReporter -->
<testsuite hostname="DESKTOP-U4BG2GH" failures="0" tests="2" name="testNG.Dataprovider" time="0.016" errors="0" timestamp="2024-06-15T21:51:27 IST" skipped="0">
  <testcase classname="testNG.Dataprovider" name="logintest" time="0.013"/>
  <system-out/>
  <testcase classname="testNG.Dataprovider" name="logintest" time="0.003"/>
  <system-out/>
</testsuite> <!-- testNG.Dataprovider -->
