<?xml version="1.0" encoding="UTF-8"?>
<!-- Generated by org.testng.reporters.JUnitReportReporter -->
<testsuite hostname="DESKTOP-U4BG2GH" failures="0" tests="4" name="TestNg2" time="0.023" errors="0" timestamp="2024-03-29T22:12:41 IST" skipped="0">
  <testcase classname="TestNg2" name="a" time="0.010"/>
  <system-out/>
  <testcase classname="TestNg2" name="a1" time="0.009"/>
  <system-out/>
  <testcase classname="TestNg2" name="c" time="0.001"/>
  <system-out/>
  <testcase classname="TestNg2" name="b" time="0.003"/>
  <system-out/>
</testsuite> <!-- TestNg2 -->
