<?xml version="1.0" encoding="UTF-8"?>
<!-- Generated by org.testng.reporters.JUnitReportReporter -->
<testsuite hostname="DESKTOP-U4BG2GH" failures="0" tests="1" name="testNG.TestNgGroups$TestCase1" time="0.020" errors="0" timestamp="2024-06-15T21:57:54 IST" skipped="0">
  <testcase classname="testNG.TestNgGroups$TestCase1" name="loginTest" time="0.020"/>
  <system-out/>
</testsuite> <!-- testNG.TestNgGroups$TestCase1 -->
